0 info it worked if it ends with ok
1 verbose cli [ '/home/hani/.nvm/versions/node/v7.0.0/bin/node',
1 verbose cli   '/home/hani/.nvm/versions/node/v7.0.0/bin/npm',
1 verbose cli   'start' ]
2 info using npm@3.10.8
3 info using node@v7.0.0
4 verbose run-script [ 'prestart', 'start', 'poststart' ]
5 info lifecycle traffic@0.0.0~prestart: traffic@0.0.0
6 verbose lifecycle traffic@0.0.0~prestart: unsafe-perm in lifecycle true
7 verbose lifecycle traffic@0.0.0~prestart: PATH: /home/hani/.nvm/versions/node/v7.0.0/lib/node_modules/npm/bin/node-gyp-bin:/home/hani/traffic/server/node_modules/.bin:/home/hani/.nvm/versions/node/v7.0.0/bin:/home/hani/mongodb/mongod-4.3.4/bin:{/home/hani/Android/android-sdk-linux}/tools:{/home/hani/Android/android-sdk-linux}/platform-tools:/home/hani/robomongo-1.0/bin/:{/home/hani/mongodb/mongod-4.3.4/bin:{/home/hani/Android/android-sdk-linux}/tools:{/home/hani/Android/android-sdk-linux}/platform-tools:/home/hani/robomongo-1.0/bin/:{/usr/local/sbin:/usr/local/bin:/usr/sbin:/usr/bin:/sbin:/bin:/usr/games:/usr/local/games:/snap/bin:/snap/bin}}
8 verbose lifecycle traffic@0.0.0~prestart: CWD: /home/hani/traffic/server
9 silly lifecycle traffic@0.0.0~prestart: Args: [ '-c', 'mongod --fork' ]
10 silly lifecycle traffic@0.0.0~prestart: Returned: code: 2  signal: null
11 info lifecycle traffic@0.0.0~prestart: Failed to exec prestart script
12 verbose stack Error: traffic@0.0.0 prestart: `mongod --fork`
12 verbose stack Exit status 2
12 verbose stack     at EventEmitter.<anonymous> (/home/hani/.nvm/versions/node/v7.0.0/lib/node_modules/npm/lib/utils/lifecycle.js:255:16)
12 verbose stack     at emitTwo (events.js:106:13)
12 verbose stack     at EventEmitter.emit (events.js:191:7)
12 verbose stack     at ChildProcess.<anonymous> (/home/hani/.nvm/versions/node/v7.0.0/lib/node_modules/npm/lib/utils/spawn.js:40:14)
12 verbose stack     at emitTwo (events.js:106:13)
12 verbose stack     at ChildProcess.emit (events.js:191:7)
12 verbose stack     at maybeClose (internal/child_process.js:877:16)
12 verbose stack     at Process.ChildProcess._handle.onexit (internal/child_process.js:226:5)
13 verbose pkgid traffic@0.0.0
14 verbose cwd /home/hani/traffic/server
15 error Linux 4.10.0-28-generic
16 error argv "/home/hani/.nvm/versions/node/v7.0.0/bin/node" "/home/hani/.nvm/versions/node/v7.0.0/bin/npm" "start"
17 error node v7.0.0
18 error npm  v3.10.8
19 error code ELIFECYCLE
20 error traffic@0.0.0 prestart: `mongod --fork`
20 error Exit status 2
21 error Failed at the traffic@0.0.0 prestart script 'mongod --fork'.
21 error Make sure you have the latest version of node.js and npm installed.
21 error If you do, this is most likely a problem with the traffic package,
21 error not with npm itself.
21 error Tell the author that this fails on your system:
21 error     mongod --fork
21 error You can get information on how to open an issue for this project with:
21 error     npm bugs traffic
21 error Or if that isn't available, you can get their info via:
21 error     npm owner ls traffic
21 error There is likely additional logging output above.
22 verbose exit [ 1, true ]
